[35m[1mScanning dependencies of target pwm[0m
[  0%] Built target _pwm_generate_messages_check_deps_pwm
[ 11%] [32mBuilding CXX object CMakeFiles/pwm.dir/src/pwm.cpp.o[0m
[ 11%] Built target std_msgs_generate_messages_nodejs
[ 11%] Built target std_msgs_generate_messages_cpp
[ 11%] Built target std_msgs_generate_messages_py
[ 11%] Built target std_msgs_generate_messages_eus
[ 11%] Built target std_msgs_generate_messages_lisp
[ 22%] Built target pwm_generate_messages_nodejs
[ 33%] Built target pwm_generate_messages_cpp
[ 55%] Built target pwm_generate_messages_py
[ 77%] Built target pwm_generate_messages_eus
[ 88%] Built target pwm_generate_messages_lisp
[ 88%] Built target pwm_generate_messages
[01m[K/home/shoh/cubic_code/src/pwm/src/pwm.cpp:6:10:[m[K [01;31m[Kfatal error: [m[Kpwm.h: ãã®ã‚ˆã†ãªãƒ•ã‚¡ã‚¤ãƒ«ã‚„ãƒ‡ã‚£ãƒ¬ã‚¯ãƒˆãƒªã¯ã‚ã‚Šã¾ã›ã‚“
 #include [01;31m[K"pwm.h"[m[K
          [01;31m[K^~~~~~~[m[K
compilation terminated.
CMakeFiles/pwm.dir/build.make:62: recipe for target 'CMakeFiles/pwm.dir/src/pwm.cpp.o' failed
make[2]: *** [CMakeFiles/pwm.dir/src/pwm.cpp.o] Error 1
CMakeFiles/Makefile2:645: recipe for target 'CMakeFiles/pwm.dir/all' failed
Makefile:140: recipe for target 'all' failed
make[1]: *** [CMakeFiles/pwm.dir/all] Error 2
make: *** [all] Error 2
