[35m[1mScanning dependencies of target omni[0m
[ 50%] [32mBuilding CXX object CMakeFiles/omni.dir/src/omni.cpp.o[0m
[01m[K/home/shoh/cubic_code/src/cubic_code/src/omni.cpp:[m[K In function â€˜[01m[Kint main(int, char**)[m[Kâ€™:
[01m[K/home/shoh/cubic_code/src/cubic_code/src/omni.cpp:62:29:[m[K [01;31m[Kerror: [m[Kâ€˜[01m[Kmsgs[m[Kâ€™ is not a member of â€˜[01m[Kstd[m[Kâ€™
     pub = nh.advertise<std::[01;31m[Kmsgs[m[K::Int16MultiArray>("topic", 1);
                             [01;31m[K^~~~[m[K
[01m[K/home/shoh/cubic_code/src/cubic_code/src/omni.cpp:62:29:[m[K [01;31m[Kerror: [m[Kâ€˜[01m[Kmsgs[m[Kâ€™ is not a member of â€˜[01m[Kstd[m[Kâ€™
[01m[K/home/shoh/cubic_code/src/cubic_code/src/omni.cpp:62:14:[m[K [01;31m[Kerror: [m[Kparse error in template argument list
     pub = nh.[01;31m[Kadvertise<std::msgs::Int16MultiArray>[m[K("topic", 1);
              [01;31m[K^~~~~~~~~~~~~~~~~~~~~~~~~~~~~~~~~~~~~[m[K
[01m[K/home/shoh/cubic_code/src/cubic_code/src/omni.cpp:62:62:[m[K [01;31m[Kerror: [m[Kno matching function for call to â€˜[01m[Kros::NodeHandle::advertise<<expression error> >(const char [6], int)[m[Kâ€™
     pub = nh.advertise<std::msgs::Int16MultiArray>("topic", 1[01;31m[K)[m[K;
                                                              [01;31m[K^[m[K
In file included from [01m[K/opt/ros/melodic/include/ros/ros.h:45:0[m[K,
                 from [01m[K/home/shoh/cubic_code/src/cubic_code/src/omni.cpp:1[m[K:
[01m[K/opt/ros/melodic/include/ros/node_handle.h:249:15:[m[K [01;36m[Knote: [m[Kcandidate: template<class M> ros::Publisher ros::NodeHandle::advertise(const string&, uint32_t, bool)
     Publisher [01;36m[Kadvertise[m[K(const std::string& topic, uint32_t queue_size, bool latch = false)
               [01;36m[K^~~~~~~~~[m[K
[01m[K/opt/ros/melodic/include/ros/node_handle.h:249:15:[m[K [01;36m[Knote: [m[K  template argument deduction/substitution failed:
[01m[K/home/shoh/cubic_code/src/cubic_code/src/omni.cpp:62:62:[m[K [01;31m[Kerror: [m[Ktemplate argument 1 is invalid
     pub = nh.advertise<std::msgs::Int16MultiArray>("topic", 1[01;31m[K)[m[K;
                                                              [01;31m[K^[m[K
In file included from [01m[K/opt/ros/melodic/include/ros/ros.h:45:0[m[K,
                 from [01m[K/home/shoh/cubic_code/src/cubic_code/src/omni.cpp:1[m[K:
[01m[K/opt/ros/melodic/include/ros/node_handle.h:315:13:[m[K [01;36m[Knote: [m[Kcandidate: template<class M> ros::Publisher ros::NodeHandle::advertise(const string&, uint32_t, const SubscriberStatusCallback&, const SubscriberStatusCallback&, const VoidConstPtr&, bool)
   Publisher [01;36m[Kadvertise[m[K(const std::string& topic, uint32_t queue_size,
             [01;36m[K^~~~~~~~~[m[K
[01m[K/opt/ros/melodic/include/ros/node_handle.h:315:13:[m[K [01;36m[Knote: [m[K  template argument deduction/substitution failed:
[01m[K/home/shoh/cubic_code/src/cubic_code/src/omni.cpp:62:62:[m[K [01;31m[Kerror: [m[Ktemplate argument 1 is invalid
     pub = nh.advertise<std::msgs::Int16MultiArray>("topic", 1[01;31m[K)[m[K;
                                                              [01;31m[K^[m[K
CMakeFiles/omni.dir/build.make:62: recipe for target 'CMakeFiles/omni.dir/src/omni.cpp.o' failed
CMakeFiles/Makefile2:67: recipe for target 'CMakeFiles/omni.dir/all' failed
make[2]: *** [CMakeFiles/omni.dir/src/omni.cpp.o] Error 1
make[1]: *** [CMakeFiles/omni.dir/all] Error 2
Makefile:140: recipe for target 'all' failed
make: *** [all] Error 2
